[debug] [2026-05-06T14:42:21.871Z] ----------------------------------------------------------------------
[debug] [2026-05-06T14:42:21.876Z] Command:       C:\Program Files\nodejs\node.exe C:\Users\asus\AppData\Roaming\npm\node_modules\firebase-tools\lib\bin\firebase.js init
[debug] [2026-05-06T14:42:21.877Z] CLI Version:   15.16.0
[debug] [2026-05-06T14:42:21.877Z] Platform:      win32
[debug] [2026-05-06T14:42:21.877Z] Node Version:  v22.17.0
[debug] [2026-05-06T14:42:21.878Z] Time:          Wed May 06 2026 20:12:21 GMT+0530 (India Standard Time)
[debug] [2026-05-06T14:42:21.878Z] ----------------------------------------------------------------------
[debug] 
[info] 
     ######## #### ########  ######## ########     ###     ######  ########
     ##        ##  ##     ## ##       ##     ##  ##   ##  ##       ##
     ######    ##  ########  ######   ########  #########  ######  ######
     ##        ##  ##    ##  ##       ##     ## ##     ##       ## ##
     ##       #### ##     ## ######## ########  ##     ##  ######  ########

You're about to initialize a Firebase project in this directory:

  D:\Work\TravelSite

[info] 
=== Project Setup
[info] 
[info] First, let's associate this project directory with a Firebase project.
[info] You can create multiple project aliases by running firebase use --add, 
[info] 
[debug] [2026-05-06T14:42:37.963Z] > command requires scopes: ["email","openid","https://www.googleapis.com/auth/cloudplatformprojects.readonly","https://www.googleapis.com/auth/firebase","https://www.googleapis.com/auth/cloud-platform"]
[debug] [2026-05-06T14:42:37.964Z] > authorizing via signed-in user (elamaranvikki@gmail.com)
[debug] [2026-05-06T14:42:37.966Z] Checked if tokens are valid: false, expires at: 1778007165404
[debug] [2026-05-06T14:42:37.967Z] Checked if tokens are valid: false, expires at: 1778007165404
[debug] [2026-05-06T14:42:37.967Z] > refreshing access token with scopes: []
[debug] [2026-05-06T14:42:37.971Z] >>> [apiv2][query] POST https://www.googleapis.com/oauth2/v3/token [none]
[debug] [2026-05-06T14:42:37.971Z] >>> [apiv2][body] POST https://www.googleapis.com/oauth2/v3/token [omitted]
[debug] [2026-05-06T14:42:40.206Z] <<< [apiv2][status] POST https://www.googleapis.com/oauth2/v3/token 200
[debug] [2026-05-06T14:42:40.206Z] <<< [apiv2][body] POST https://www.googleapis.com/oauth2/v3/token [omitted]
[debug] [2026-05-06T14:42:40.234Z] >>> [apiv2][query] GET https://firebase.googleapis.com/v1beta1/projects pageSize=100
[debug] [2026-05-06T14:42:42.107Z] <<< [apiv2][status] GET https://firebase.googleapis.com/v1beta1/projects 200
[debug] [2026-05-06T14:42:42.108Z] <<< [apiv2][body] GET https://firebase.googleapis.com/v1beta1/projects [omitted]
[debug] [2026-05-06T14:48:21.954Z] ExitPromptError: User force closed the prompt with SIGINT
    at Interface.sigint (C:\Users\asus\AppData\Roaming\npm\node_modules\firebase-tools\node_modules\@inquirer\core\dist\commonjs\lib\create-prompt.js:101:37)
    at Interface.emit (node:events:518:28)
    at [_ttyWrite] [as _ttyWrite] (node:internal/readline/interface:1132:18)
    at ReadStream.onkeypress (node:internal/readline/interface:271:20)
    at ReadStream.emit (node:events:530:35)
    at emitKeys (node:internal/readline/utils:370:14)
    at emitKeys.next (<anonymous>)
    at ReadStream.onData (node:internal/readline/emitKeypressEvents:64:36)
    at ReadStream.emit (node:events:518:28)
    at addChunk (node:internal/streams/readable:561:12)
[error] 
[error] Error: An unexpected error has occurred.
